<?xml version="1.0" encoding="UTF-8"?>
<testsuite xmlns:xsi="http://www.w3.org/2001/XMLSchema-instance" xsi:noNamespaceSchemaLocation="https://maven.apache.org/surefire/maven-surefire-plugin/xsd/surefire-test-report.xsd" version="3.0.2" name="com.gamestock.backend.market.NewsAnalysisTest" time="0.463" tests="7" errors="0" skipped="0" failures="0" flakes="0">
  <properties>
[...]
</properties>
  <testcase name="handLabelledSentimentSamplesHaveExpectedDirection" classname="com.gamestock.backend.market.NewsAnalysisTest" time="0.043"/>
  <testcase name="cancellationContextOverridesPositiveContentWords" classname="com.gamestock.backend.market.NewsAnalysisTest" time="0.003"/>
  <testcase name="relevanceRequiresGameContextAndKeepsGameIncidents" classname="com.gamestock.backend.market.NewsAnalysisTest" time="0.01"/>
  <testcase name="improvementRequestIsNotMistakenForPositiveOutcome" classname="com.gamestock.backend.market.NewsAnalysisTest" time="0.0"/>
  <testcase name="incidentContextIsSharedWithMajorNewsRule" classname="com.gamestock.backend.market.NewsAnalysisTest" time="0.0"/>
  <testcase name="commonPositiveHeadlinePhrasesProducePositiveSignals" classname="com.gamestock.backend.market.NewsAnalysisTest" time="0.007"/>
  <testcase name="sentimentScoreIsBoundedAndTitleSignalsHaveMoreWeight" classname="com.gamestock.backend.market.NewsAnalysisTest" time="0.0"/>
</testsuite>